<?xml version="1.0" encoding="UTF-8"?>
<!-- Generated by org.testng.reporters.JUnitReportReporter -->
<testsuite skipped="0" hostname="DRATHOD01" name="org.example.ECommerceTest" tests="2" failures="0" timestamp="2021-12-28T08:10:45 IST" time="72.439" errors="0">
  <testcase name="totalValidation" time="38.110" classname="org.example.ECommerceTest"/>
  <system-out/>
  <testcase name="totalValidation" time="34.329" classname="org.example.ECommerceTest"/>
  <system-out/>
</testsuite> <!-- org.example.ECommerceTest -->
